# JRE version: Java(TM) SE Runtime Environment (8.0_151-b12) (build 1.8.0_151-b12)
# Java VM: Java HotSpot(TM) Client VM (25.151-b12 mixed mode windows-x86 )
Heap:
 def new generation   total 6784K, used 6230K [0x05200000, 0x05950000, 0x0a750000)
  eden space 6080K,  99% used [0x05200000, 0x057eff58, 0x057f0000)
  from space 704K,  21% used [0x058a0000, 0x058c5958, 0x05950000)
  to   space 704K,   0% used [0x057f0000, 0x057f0000, 0x058a0000)
 tenured generation   total 14820K, used 8032K [0x0a750000, 0x0b5c9000, 0x15200000)
   the space 14820K,  54% used [0x0a750000, 0x0af28188, 0x0af28200, 0x0b5c9000)
 Metaspace       used 9246K, capacity 9467K, committed 9600K, reserved 9600K
GC Heap History (10 events):
Event: 176.747 GC heap before
{Heap before GC invocations=1668 (full 2):
 def new generation   total 6400K, used 5830K [0x05200000, 0x058f0000, 0x0a750000)
  eden space 5696K, 100% used [0x05200000, 0x05790000, 0x05790000)
  from space 704K,  19% used [0x05840000, 0x05861818, 0x058f0000)
  to   space 704K,   0% used [0x05790000, 0x05790000, 0x05840000)
 tenured generation   total 14436K, used 13201K [0x0a750000, 0x0b569000, 0x15200000)
   the space 14436K,  91% used [0x0a750000, 0x0b434778, 0x0b434800, 0x0b569000)
 Metaspace       used 9246K, capacity 9467K, committed 9600K, reserved 9600K
Event: 176.749 GC heap after
Heap after GC invocations=1669 (full 2):
 def new generation   total 6400K, used 185K [0x05200000, 0x058f0000, 0x0a750000)
  eden space 5696K,   0% used [0x05200000, 0x05200000, 0x05790000)
  from space 704K,  26% used [0x05790000, 0x057be4a8, 0x05840000)
  to   space 704K,   0% used [0x05840000, 0x05840000, 0x058f0000)
 tenured generation   total 14436K, used 13207K [0x0a750000, 0x0b569000, 0x15200000)
   the space 14436K,  91% used [0x0a750000, 0x0b435ea8, 0x0b436000, 0x0b569000)
 Metaspace       used 9246K, capacity 9467K, committed 9600K, reserved 9600K
}
Event: 176.783 GC heap before
{Heap before GC invocations=1669 (full 2):
 def new generation   total 6400K, used 5896K [0x05200000, 0x058f0000, 0x0a750000)
  eden space 5696K, 100% used [0x05200000, 0x05790000, 0x05790000)
  from space 704K,  28% used [0x05790000, 0x057c20a8, 0x05840000)
  to   space 704K,   0% used [0x05840000, 0x05840000, 0x058f0000)
 tenured generation   total 14436K, used 13207K [0x0a750000, 0x0b569000, 0x15200000)
   the space 14436K,  91% used [0x0a750000, 0x0b435ea8, 0x0b436000, 0x0b569000)
 Metaspace       used 9246K, capacity 9467K, committed 9600K, reserved 9600K
Event: 176.785 GC heap after
Heap after GC invocations=1670 (full 2):
 def new generation   total 6400K, used 118K [0x05200000, 0x058f0000, 0x0a750000)
  eden space 5696K,   0% used [0x05200000, 0x05200000, 0x05790000)
  from space 704K,  16% used [0x05840000, 0x0585da60, 0x058f0000)
  to   space 704K,   0% used [0x05790000, 0x05790000, 0x05840000)
 tenured generation   total 14436K, used 13212K [0x0a750000, 0x0b569000, 0x15200000)
   the space 14436K,  91% used [0x0a750000, 0x0b437030, 0x0b437200, 0x0b569000)
 Metaspace       used 9246K, capacity 9467K, committed 9600K, reserved 9600K
}
Event: 176.818 GC heap before
{Heap before GC invocations=1670 (full 2):
 def new generation   total 6400K, used 5814K [0x05200000, 0x058f0000, 0x0a750000)
  eden space 5696K, 100% used [0x05200000, 0x05790000, 0x05790000)
  from space 704K,  16% used [0x05840000, 0x0585da60, 0x058f0000)
  to   space 704K,   0% used [0x05790000, 0x05790000, 0x05840000)
 tenured generation   total 14436K, used 13212K [0x0a750000, 0x0b569000, 0x15200000)
   the space 14436K,  91% used [0x0a750000, 0x0b437030, 0x0b437200, 0x0b569000)
 Metaspace       used 9246K, capacity 9467K, committed 9600K, reserved 9600K
Event: 176.820 GC heap after
Heap after GC invocations=1671 (full 2):
 def new generation   total 6400K, used 162K [0x05200000, 0x058f0000, 0x0a750000)
  eden space 5696K,   0% used [0x05200000, 0x05200000, 0x05790000)
  from space 704K,  23% used [0x05790000, 0x057b8bc8, 0x05840000)
  to   space 704K,   0% used [0x05840000, 0x05840000, 0x058f0000)
 tenured generation   total 14436K, used 13217K [0x0a750000, 0x0b569000, 0x15200000)
   the space 14436K,  91% used [0x0a750000, 0x0b4386e0, 0x0b438800, 0x0b569000)
 Metaspace       used 9246K, capacity 9467K, committed 9600K, reserved 9600K
}
Event: 176.859 GC heap before
{Heap before GC invocations=1671 (full 2):
 def new generation   total 6400K, used 5858K [0x05200000, 0x058f0000, 0x0a750000)
  eden space 5696K, 100% used [0x05200000, 0x05790000, 0x05790000)
  from space 704K,  23% used [0x05790000, 0x057b8bc8, 0x05840000)
  to   space 704K,   0% used [0x05840000, 0x05840000, 0x058f0000)
 tenured generation   total 14436K, used 13217K [0x0a750000, 0x0b569000, 0x15200000)
   the space 14436K,  91% used [0x0a750000, 0x0b4386e0, 0x0b438800, 0x0b569000)
 Metaspace       used 9246K, capacity 9467K, committed 9600K, reserved 9600K
Event: 176.861 GC heap after
Heap after GC invocations=1672 (full 2):
 def new generation   total 6400K, used 106K [0x05200000, 0x058f0000, 0x0a750000)
  eden space 5696K,   0% used [0x05200000, 0x05200000, 0x05790000)
  from space 704K,  15% used [0x05840000, 0x0585a928, 0x058f0000)
  to   space 704K,   0% used [0x05790000, 0x05790000, 0x05840000)
 tenured generation   total 14436K, used 13223K [0x0a750000, 0x0b569000, 0x15200000)
   the space 14436K,  91% used [0x0a750000, 0x0b439c20, 0x0b439e00, 0x0b569000)
 Metaspace       used 9246K, capacity 9467K, committed 9600K, reserved 9600K
}
Event: 176.896 GC heap before
{Heap before GC invocations=1672 (full 2):
 def new generation   total 6400K, used 5802K [0x05200000, 0x058f0000, 0x0a750000)
  eden space 5696K, 100% used [0x05200000, 0x05790000, 0x05790000)
  from space 704K,  15% used [0x05840000, 0x0585a928, 0x058f0000)
  to   space 704K,   0% used [0x05790000, 0x05790000, 0x05840000)
 tenured generation   total 14436K, used 13223K [0x0a750000, 0x0b569000, 0x15200000)
   the space 14436K,  91% used [0x0a750000, 0x0b439c20, 0x0b439e00, 0x0b569000)
 Metaspace       used 9246K, capacity 9467K, committed 9600K, reserved 9600K
Event: 176.898 GC heap after
Heap after GC invocations=1673 (full 2):
 def new generation   total 6400K, used 141K [0x05200000, 0x058f0000, 0x0a750000)
  eden space 5696K,   0% used [0x05200000, 0x05200000, 0x05790000)
  from space 704K,  20% used [0x05790000, 0x057b35b0, 0x05840000)
  to   space 704K,   0% used [0x05840000, 0x05840000, 0x058f0000)
 tenured generation   total 14436K, used 13228K [0x0a750000, 0x0b569000, 0x15200000)
   the space 14436K,  91% used [0x0a750000, 0x0b43b260, 0x0b43b400, 0x0b569000)
 Metaspace       used 9246K, capacity 9467K, committed 9600K, reserved 9600K
}

