# JRE version: Java(TM) SE Runtime Environment (8.0_151-b12) (build 1.8.0_151-b12)
# Java VM: Java HotSpot(TM) Client VM (25.151-b12 mixed mode, sharing windows-x86 )
Heap:
 def new generation   total 4928K, used 370K [0x04c00000, 0x05150000, 0x0a150000)
  eden space 4416K,   5% used [0x04c00000, 0x04c39a18, 0x05050000)
  from space 512K,  27% used [0x05050000, 0x05073168, 0x050d0000)
  to   space 512K,   0% used [0x050d0000, 0x050d0000, 0x05150000)
 tenured generation   total 10944K, used 7908K [0x0a150000, 0x0ac00000, 0x14c00000)
   the space 10944K,  72% used [0x0a150000, 0x0a9091b8, 0x0a909200, 0x0ac00000)
 Metaspace       used 1431K, capacity 3330K, committed 3392K, reserved 4480K
GC Heap History (10 events):
Event: 20.751 GC heap before
{Heap before GC invocations=164 (full 0):
 def new generation   total 4928K, used 4534K [0x04c00000, 0x05150000, 0x0a150000)
  eden space 4416K, 100% used [0x04c00000, 0x05050000, 0x05050000)
  from space 512K,  23% used [0x05050000, 0x0506db10, 0x050d0000)
  to   space 512K,   0% used [0x050d0000, 0x050d0000, 0x05150000)
 tenured generation   total 10944K, used 7873K [0x0a150000, 0x0ac00000, 0x14c00000)
   the space 10944K,  71% used [0x0a150000, 0x0a900530, 0x0a900600, 0x0ac00000)
 Metaspace       used 1431K, capacity 3330K, committed 3392K, reserved 4480K
Event: 20.753 GC heap after
Heap after GC invocations=165 (full 0):
 def new generation   total 4928K, used 148K [0x04c00000, 0x05150000, 0x0a150000)
  eden space 4416K,   0% used [0x04c00000, 0x04c00000, 0x05050000)
  from space 512K,  29% used [0x050d0000, 0x050f5300, 0x05150000)
  to   space 512K,   0% used [0x05050000, 0x05050000, 0x050d0000)
 tenured generation   total 10944K, used 7876K [0x0a150000, 0x0ac00000, 0x14c00000)
   the space 10944K,  71% used [0x0a150000, 0x0a9012a0, 0x0a901400, 0x0ac00000)
 Metaspace       used 1431K, capacity 3330K, committed 3392K, reserved 4480K
}
Event: 20.785 GC heap before
{Heap before GC invocations=165 (full 0):
 def new generation   total 4928K, used 4564K [0x04c00000, 0x05150000, 0x0a150000)
  eden space 4416K, 100% used [0x04c00000, 0x05050000, 0x05050000)
  from space 512K,  29% used [0x050d0000, 0x050f5300, 0x05150000)
  to   space 512K,   0% used [0x05050000, 0x05050000, 0x050d0000)
 tenured generation   total 10944K, used 7876K [0x0a150000, 0x0ac00000, 0x14c00000)
   the space 10944K,  71% used [0x0a150000, 0x0a9012a0, 0x0a901400, 0x0ac00000)
 Metaspace       used 1431K, capacity 3330K, committed 3392K, reserved 4480K
Event: 20.787 GC heap after
Heap after GC invocations=166 (full 0):
 def new generation   total 4928K, used 86K [0x04c00000, 0x05150000, 0x0a150000)
  eden space 4416K,   0% used [0x04c00000, 0x04c00000, 0x05050000)
  from space 512K,  16% used [0x05050000, 0x05065960, 0x050d0000)
  to   space 512K,   0% used [0x050d0000, 0x050d0000, 0x05150000)
 tenured generation   total 10944K, used 7881K [0x0a150000, 0x0ac00000, 0x14c00000)
   the space 10944K,  72% used [0x0a150000, 0x0a902430, 0x0a902600, 0x0ac00000)
 Metaspace       used 1431K, capacity 3330K, committed 3392K, reserved 4480K
}
Event: 20.822 GC heap before
{Heap before GC invocations=166 (full 0):
 def new generation   total 4928K, used 4502K [0x04c00000, 0x05150000, 0x0a150000)
  eden space 4416K, 100% used [0x04c00000, 0x05050000, 0x05050000)
  from space 512K,  16% used [0x05050000, 0x05065960, 0x050d0000)
  to   space 512K,   0% used [0x050d0000, 0x050d0000, 0x05150000)
 tenured generation   total 10944K, used 7881K [0x0a150000, 0x0ac00000, 0x14c00000)
   the space 10944K,  72% used [0x0a150000, 0x0a902430, 0x0a902600, 0x0ac00000)
 Metaspace       used 1431K, capacity 3330K, committed 3392K, reserved 4480K
Event: 20.825 GC heap after
Heap after GC invocations=167 (full 0):
 def new generation   total 4928K, used 103K [0x04c00000, 0x05150000, 0x0a150000)
  eden space 4416K,   0% used [0x04c00000, 0x04c00000, 0x05050000)
  from space 512K,  20% used [0x050d0000, 0x050e9dc0, 0x05150000)
  to   space 512K,   0% used [0x05050000, 0x05050000, 0x050d0000)
 tenured generation   total 10944K, used 7885K [0x0a150000, 0x0ac00000, 0x14c00000)
   the space 10944K,  72% used [0x0a150000, 0x0a903518, 0x0a903600, 0x0ac00000)
 Metaspace       used 1431K, capacity 3330K, committed 3392K, reserved 4480K
}
Event: 20.856 GC heap before
{Heap before GC invocations=167 (full 0):
 def new generation   total 4928K, used 4525K [0x04c00000, 0x05150000, 0x0a150000)
  eden space 4416K, 100% used [0x04c00000, 0x05050000, 0x05050000)
  from space 512K,  21% used [0x050d0000, 0x050eb470, 0x05150000)
  to   space 512K,   0% used [0x05050000, 0x05050000, 0x050d0000)
 tenured generation   total 10944K, used 7885K [0x0a150000, 0x0ac00000, 0x14c00000)
   the space 10944K,  72% used [0x0a150000, 0x0a903518, 0x0a903600, 0x0ac00000)
 Metaspace       used 1431K, capacity 3330K, committed 3392K, reserved 4480K
Event: 20.859 GC heap after
Heap after GC invocations=168 (full 0):
 def new generation   total 4928K, used 100K [0x04c00000, 0x05150000, 0x0a150000)
  eden space 4416K,   0% used [0x04c00000, 0x04c00000, 0x05050000)
  from space 512K,  19% used [0x05050000, 0x05069298, 0x050d0000)
  to   space 512K,   0% used [0x050d0000, 0x050d0000, 0x05150000)
 tenured generation   total 10944K, used 7889K [0x0a150000, 0x0ac00000, 0x14c00000)
   the space 10944K,  72% used [0x0a150000, 0x0a9044a8, 0x0a904600, 0x0ac00000)
 Metaspace       used 1431K, capacity 3330K, committed 3392K, reserved 4480K
}
Event: 20.859 GC heap before
{Heap before GC invocations=168 (full 0):
 def new generation   total 4928K, used 145K [0x04c00000, 0x05150000, 0x0a150000)
  eden space 4416K,   1% used [0x04c00000, 0x04c0b4a8, 0x05050000)
  from space 512K,  19% used [0x05050000, 0x05069298, 0x050d0000)
  to   space 512K,   0% used [0x050d0000, 0x050d0000, 0x05150000)
 tenured generation   total 10944K, used 7889K [0x0a150000, 0x0ac00000, 0x14c00000)
   the space 10944K,  72% used [0x0a150000, 0x0a9044a8, 0x0a904600, 0x0ac00000)
 Metaspace       used 1431K, capacity 3330K, committed 3392K, reserved 4480K
Event: 20.862 GC heap after
Heap after GC invocations=169 (full 0):
 def new generation   total 4928K, used 97K [0x04c00000, 0x05150000, 0x0a150000)
  eden space 4416K,   0% used [0x04c00000, 0x04c00000, 0x05050000)
  from space 512K,  19% used [0x050d0000, 0x050e8730, 0x05150000)
  to   space 512K,   0% used [0x05050000, 0x05050000, 0x050d0000)
 tenured generation   total 10944K, used 7892K [0x0a150000, 0x0ac00000, 0x14c00000)
   the space 10944K,  72% used [0x0a150000, 0x0a905248, 0x0a905400, 0x0ac00000)
 Metaspace       used 1431K, capacity 3330K, committed 3392K, reserved 4480K
}

