# JRE version: Java(TM) SE Runtime Environment (8.0_151-b12) (build 1.8.0_151-b12)
# Java VM: Java HotSpot(TM) Client VM (25.151-b12 mixed mode, sharing windows-x86 )
Heap:
 def new generation   total 4928K, used 3812K [0x04200000, 0x04750000, 0x09750000)
  eden space 4416K,  84% used [0x04200000, 0x045a8060, 0x04650000)
  from space 512K,  13% used [0x04650000, 0x046610e0, 0x046d0000)
  to   space 512K,   0% used [0x046d0000, 0x046d0000, 0x04750000)
 tenured generation   total 11072K, used 8207K [0x09750000, 0x0a220000, 0x14200000)
   the space 11072K,  74% used [0x09750000, 0x09f53de8, 0x09f53e00, 0x0a220000)
 Metaspace       used 1593K, capacity 3332K, committed 3392K, reserved 4480K
GC Heap History (10 events):
Event: 139.255 GC heap before
{Heap before GC invocations=729 (full 0):
 def new generation   total 4928K, used 4470K [0x04200000, 0x04750000, 0x09750000)
  eden space 4416K, 100% used [0x04200000, 0x04650000, 0x04650000)
  from space 512K,  10% used [0x046d0000, 0x046ddb10, 0x04750000)
  to   space 512K,   0% used [0x04650000, 0x04650000, 0x046d0000)
 tenured generation   total 11072K, used 8194K [0x09750000, 0x0a220000, 0x14200000)
   the space 11072K,  74% used [0x09750000, 0x09f50880, 0x09f50a00, 0x0a220000)
 Metaspace       used 1593K, capacity 3332K, committed 3392K, reserved 4480K
Event: 139.256 GC heap after
Heap after GC invocations=730 (full 0):
 def new generation   total 4928K, used 97K [0x04200000, 0x04750000, 0x09750000)
  eden space 4416K,   0% used [0x04200000, 0x04200000, 0x04650000)
  from space 512K,  18% used [0x04650000, 0x04668460, 0x046d0000)
  to   space 512K,   0% used [0x046d0000, 0x046d0000, 0x04750000)
 tenured generation   total 11072K, used 8196K [0x09750000, 0x0a220000, 0x14200000)
   the space 11072K,  74% used [0x09750000, 0x09f51280, 0x09f51400, 0x0a220000)
 Metaspace       used 1593K, capacity 3332K, committed 3392K, reserved 4480K
}
Event: 139.285 GC heap before
{Heap before GC invocations=730 (full 0):
 def new generation   total 4928K, used 4513K [0x04200000, 0x04750000, 0x09750000)
  eden space 4416K, 100% used [0x04200000, 0x04650000, 0x04650000)
  from space 512K,  18% used [0x04650000, 0x04668460, 0x046d0000)
  to   space 512K,   0% used [0x046d0000, 0x046d0000, 0x04750000)
 tenured generation   total 11072K, used 8196K [0x09750000, 0x0a220000, 0x14200000)
   the space 11072K,  74% used [0x09750000, 0x09f51280, 0x09f51400, 0x0a220000)
 Metaspace       used 1593K, capacity 3332K, committed 3392K, reserved 4480K
Event: 139.286 GC heap after
Heap after GC invocations=731 (full 0):
 def new generation   total 4928K, used 33K [0x04200000, 0x04750000, 0x09750000)
  eden space 4416K,   0% used [0x04200000, 0x04200000, 0x04650000)
  from space 512K,   6% used [0x046d0000, 0x046d8480, 0x04750000)
  to   space 512K,   0% used [0x04650000, 0x04650000, 0x046d0000)
 tenured generation   total 11072K, used 8199K [0x09750000, 0x0a220000, 0x14200000)
   the space 11072K,  74% used [0x09750000, 0x09f51c80, 0x09f51e00, 0x0a220000)
 Metaspace       used 1593K, capacity 3332K, committed 3392K, reserved 4480K
}
Event: 139.310 GC heap before
{Heap before GC invocations=731 (full 0):
 def new generation   total 4928K, used 4449K [0x04200000, 0x04750000, 0x09750000)
  eden space 4416K, 100% used [0x04200000, 0x04650000, 0x04650000)
  from space 512K,   6% used [0x046d0000, 0x046d8480, 0x04750000)
  to   space 512K,   0% used [0x04650000, 0x04650000, 0x046d0000)
 tenured generation   total 11072K, used 8199K [0x09750000, 0x0a220000, 0x14200000)
   the space 11072K,  74% used [0x09750000, 0x09f51c80, 0x09f51e00, 0x0a220000)
 Metaspace       used 1593K, capacity 3332K, committed 3392K, reserved 4480K
Event: 139.311 GC heap after
Heap after GC invocations=732 (full 0):
 def new generation   total 4928K, used 40K [0x04200000, 0x04750000, 0x09750000)
  eden space 4416K,   0% used [0x04200000, 0x04200000, 0x04650000)
  from space 512K,   7% used [0x04650000, 0x0465a000, 0x046d0000)
  to   space 512K,   0% used [0x046d0000, 0x046d0000, 0x04750000)
 tenured generation   total 11072K, used 8201K [0x09750000, 0x0a220000, 0x14200000)
   the space 11072K,  74% used [0x09750000, 0x09f524a0, 0x09f52600, 0x0a220000)
 Metaspace       used 1593K, capacity 3332K, committed 3392K, reserved 4480K
}
Event: 139.333 GC heap before
{Heap before GC invocations=732 (full 0):
 def new generation   total 4928K, used 4456K [0x04200000, 0x04750000, 0x09750000)
  eden space 4416K, 100% used [0x04200000, 0x04650000, 0x04650000)
  from space 512K,   7% used [0x04650000, 0x0465a000, 0x046d0000)
  to   space 512K,   0% used [0x046d0000, 0x046d0000, 0x04750000)
 tenured generation   total 11072K, used 8201K [0x09750000, 0x0a220000, 0x14200000)
   the space 11072K,  74% used [0x09750000, 0x09f524a0, 0x09f52600, 0x0a220000)
 Metaspace       used 1593K, capacity 3332K, committed 3392K, reserved 4480K
Event: 139.334 GC heap after
Heap after GC invocations=733 (full 0):
 def new generation   total 4928K, used 48K [0x04200000, 0x04750000, 0x09750000)
  eden space 4416K,   0% used [0x04200000, 0x04200000, 0x04650000)
  from space 512K,   9% used [0x046d0000, 0x046dc1e8, 0x04750000)
  to   space 512K,   0% used [0x04650000, 0x04650000, 0x046d0000)
 tenured generation   total 11072K, used 8204K [0x09750000, 0x0a220000, 0x14200000)
   the space 11072K,  74% used [0x09750000, 0x09f532a0, 0x09f53400, 0x0a220000)
 Metaspace       used 1593K, capacity 3332K, committed 3392K, reserved 4480K
}
Event: 139.542 GC heap before
{Heap before GC invocations=733 (full 0):
 def new generation   total 4928K, used 4464K [0x04200000, 0x04750000, 0x09750000)
  eden space 4416K, 100% used [0x04200000, 0x04650000, 0x04650000)
  from space 512K,   9% used [0x046d0000, 0x046dc1e8, 0x04750000)
  to   space 512K,   0% used [0x04650000, 0x04650000, 0x046d0000)
 tenured generation   total 11072K, used 8204K [0x09750000, 0x0a220000, 0x14200000)
   the space 11072K,  74% used [0x09750000, 0x09f532a0, 0x09f53400, 0x0a220000)
 Metaspace       used 1593K, capacity 3332K, committed 3392K, reserved 4480K
Event: 139.543 GC heap after
Heap after GC invocations=734 (full 0):
 def new generation   total 4928K, used 57K [0x04200000, 0x04750000, 0x09750000)
  eden space 4416K,   0% used [0x04200000, 0x04200000, 0x04650000)
  from space 512K,  11% used [0x04650000, 0x0465e5d8, 0x046d0000)
  to   space 512K,   0% used [0x046d0000, 0x046d0000, 0x04750000)
 tenured generation   total 11072K, used 8206K [0x09750000, 0x0a220000, 0x14200000)
   the space 11072K,  74% used [0x09750000, 0x09f53aa0, 0x09f53c00, 0x0a220000)
 Metaspace       used 1593K, capacity 3332K, committed 3392K, reserved 4480K
}

